<?xml version="1.0" encoding="UTF-8"?>
<coverage generated="1682031182163" clover="3.2.0">
  <project timestamp="1682031182164" name="All files">
    <metrics statements="53" coveredstatements="44" conditionals="14" coveredconditionals="10" methods="22" coveredmethods="14" elements="89" coveredelements="68" complexity="0" loc="53" ncloc="53" packages="4" files="12" classes="12"/>
    <package name="app.javascript.components">
      <metrics statements="1" coveredstatements="1" conditionals="0" coveredconditionals="0" methods="0" coveredmethods="0"/>
      <file name="mockFood.js" path="/Users/learnacademy/Desktop/LEARN/blurred-limes/app/javascript/components/mockFood.js">
        <metrics statements="1" coveredstatements="1" conditionals="0" coveredconditionals="0" methods="0" coveredmethods="0"/>
        <line num="1" count="2" type="stmt"/>
      </file>
    </package>
    <package name="app.javascript.components.components">
      <metrics statements="6" coveredstatements="6" conditionals="4" coveredconditionals="4" methods="3" coveredmethods="2"/>
      <file name="Footer.js" path="/Users/learnacademy/Desktop/LEARN/blurred-limes/app/javascript/components/components/Footer.js">
        <metrics statements="2" coveredstatements="2" conditionals="0" coveredconditionals="0" methods="1" coveredmethods="1"/>
        <line num="3" count="1" type="stmt"/>
        <line num="4" count="3" type="stmt"/>
      </file>
      <file name="Header.js" path="/Users/learnacademy/Desktop/LEARN/blurred-limes/app/javascript/components/components/Header.js">
        <metrics statements="4" coveredstatements="4" conditionals="4" coveredconditionals="4" methods="2" coveredmethods="1"/>
        <line num="14" count="1" type="stmt"/>
        <line num="22" count="3" type="stmt"/>
        <line num="24" count="3" type="stmt"/>
        <line num="26" count="3" type="stmt"/>
      </file>
    </package>
    <package name="app.javascript.components.pages">
      <metrics statements="46" coveredstatements="37" conditionals="10" coveredconditionals="6" methods="19" coveredmethods="12"/>
      <file name="AboutUs.js" path="/Users/learnacademy/Desktop/LEARN/blurred-limes/app/javascript/components/pages/AboutUs.js">
        <metrics statements="2" coveredstatements="2" conditionals="0" coveredconditionals="0" methods="1" coveredmethods="1"/>
        <line num="7" count="1" type="stmt"/>
        <line num="8" count="18" type="stmt"/>
      </file>
      <file name="FoodItemEdit.js" path="/Users/learnacademy/Desktop/LEARN/blurred-limes/app/javascript/components/pages/FoodItemEdit.js">
        <metrics statements="16" coveredstatements="13" conditionals="4" coveredconditionals="3" methods="5" coveredmethods="3"/>
        <line num="5" count="1" type="stmt"/>
        <line num="6" count="4" type="stmt"/>
        <line num="7" count="4" type="stmt"/>
        <line num="8" count="4" type="stmt"/>
        <line num="10" count="4" type="stmt"/>
        <line num="11" count="2" type="cond" truecount="1" falsecount="1"/>
        <line num="12" count="2" type="stmt"/>
        <line num="13" count="2" type="stmt"/>
        <line num="16" count="2" type="stmt"/>
        <line num="27" count="4" type="stmt"/>
        <line num="28" count="0" type="stmt"/>
        <line num="31" count="4" type="stmt"/>
        <line num="32" count="0" type="stmt"/>
        <line num="33" count="0" type="stmt"/>
        <line num="35" count="4" type="cond" truecount="2" falsecount="0"/>
        <line num="36" count="2" type="stmt"/>
      </file>
      <file name="FoodItemIndex.js" path="/Users/learnacademy/Desktop/LEARN/blurred-limes/app/javascript/components/pages/FoodItemIndex.js">
        <metrics statements="3" coveredstatements="2" conditionals="0" coveredconditionals="0" methods="2" coveredmethods="1"/>
        <line num="5" count="1" type="stmt"/>
        <line num="6" count="2" type="stmt"/>
        <line num="11" count="0" type="stmt"/>
      </file>
      <file name="FoodItemNew.js" path="/Users/learnacademy/Desktop/LEARN/blurred-limes/app/javascript/components/pages/FoodItemNew.js">
        <metrics statements="9" coveredstatements="6" conditionals="0" coveredconditionals="0" methods="3" coveredmethods="1"/>
        <line num="5" count="1" type="stmt"/>
        <line num="6" count="6" type="stmt"/>
        <line num="8" count="6" type="stmt"/>
        <line num="17" count="6" type="stmt"/>
        <line num="18" count="0" type="stmt"/>
        <line num="21" count="6" type="stmt"/>
        <line num="22" count="0" type="stmt"/>
        <line num="23" count="0" type="stmt"/>
        <line num="26" count="6" type="stmt"/>
      </file>
      <file name="FoodItemShow.js" path="/Users/learnacademy/Desktop/LEARN/blurred-limes/app/javascript/components/pages/FoodItemShow.js">
        <metrics statements="8" coveredstatements="6" conditionals="4" coveredconditionals="2" methods="3" coveredmethods="1"/>
        <line num="5" count="1" type="stmt"/>
        <line num="6" count="2" type="stmt"/>
        <line num="7" count="2" type="stmt"/>
        <line num="8" count="2" type="stmt"/>
        <line num="9" count="2" type="stmt"/>
        <line num="10" count="0" type="stmt"/>
        <line num="11" count="0" type="stmt"/>
        <line num="13" count="2" type="stmt"/>
      </file>
      <file name="Home.js" path="/Users/learnacademy/Desktop/LEARN/blurred-limes/app/javascript/components/pages/Home.js">
        <metrics statements="2" coveredstatements="2" conditionals="2" coveredconditionals="1" methods="1" coveredmethods="1"/>
        <line num="3" count="1" type="stmt"/>
        <line num="4" count="3" type="stmt"/>
      </file>
      <file name="NotFound.js" path="/Users/learnacademy/Desktop/LEARN/blurred-limes/app/javascript/components/pages/NotFound.js">
        <metrics statements="2" coveredstatements="2" conditionals="0" coveredconditionals="0" methods="1" coveredmethods="1"/>
        <line num="3" count="1" type="stmt"/>
        <line num="4" count="3" type="stmt"/>
      </file>
      <file name="ProtectedIndex.js" path="/Users/learnacademy/Desktop/LEARN/blurred-limes/app/javascript/components/pages/ProtectedIndex.js">
        <metrics statements="4" coveredstatements="4" conditionals="0" coveredconditionals="0" methods="3" coveredmethods="3"/>
        <line num="5" count="1" type="stmt"/>
        <line num="6" count="4" type="stmt"/>
        <line num="8" count="4" type="stmt"/>
        <line num="13" count="4" type="stmt"/>
      </file>
    </package>
    <package name="mocks">
      <metrics statements="0" coveredstatements="0" conditionals="0" coveredconditionals="0" methods="0" coveredmethods="0"/>
      <file name="fileMock.js" path="/Users/learnacademy/Desktop/LEARN/blurred-limes/mocks/fileMock.js">
        <metrics statements="0" coveredstatements="0" conditionals="0" coveredconditionals="0" methods="0" coveredmethods="0"/>
      </file>
    </package>
  </project>
</coverage>
