{"/Users/learnacademy/Desktop/LEARN/blurred-limes/app/javascript/components/mockFood.js": {"path":"/Users/learnacademy/Desktop/LEARN/blurred-limes/app/javascript/components/mockFood.js","statementMap":{"0":{"start":{"line":1,"column":13},"end":{"line":29,"column":1}}},"fnMap":{},"branchMap":{},"s":{"0":2},"f":{},"b":{},"_coverageSchema":"1a1c01bbd47fc00a2c39e90264f33305004495a9","hash":"53260eab4a1039537e7697a315448ecd63c07b04"}
,"/Users/learnacademy/Desktop/LEARN/blurred-limes/app/javascript/components/components/Footer.js": {"path":"/Users/learnacademy/Desktop/LEARN/blurred-limes/app/javascript/components/components/Footer.js","statementMap":{"0":{"start":{"line":3,"column":15},"end":{"line":13,"column":1}},"1":{"start":{"line":4,"column":2},"end":{"line":12,"column":3}}},"fnMap":{"0":{"name":"(anonymous_0)","decl":{"start":{"line":3,"column":15},"end":{"line":3,"column":16}},"loc":{"start":{"line":3,"column":21},"end":{"line":13,"column":1}},"line":3}},"branchMap":{},"s":{"0":1,"1":3},"f":{"0":3},"b":{},"_coverageSchema":"1a1c01bbd47fc00a2c39e90264f33305004495a9","hash":"ad48e1c3c5dbd345f59119722bc77748657571f1"}
,"/Users/learnacademy/Desktop/LEARN/blurred-limes/app/javascript/components/components/Header.js": {"path":"/Users/learnacademy/Desktop/LEARN/blurred-limes/app/javascript/components/components/Header.js","statementMap":{"0":{"start":{"line":14,"column":15},"end":{"line":66,"column":1}},"1":{"start":{"line":22,"column":30},"end":{"line":22,"column":45}},"2":{"start":{"line":24,"column":17},"end":{"line":24,"column":41}},"3":{"start":{"line":24,"column":23},"end":{"line":24,"column":41}},"4":{"start":{"line":26,"column":2},"end":{"line":65,"column":3}}},"fnMap":{"0":{"name":"(anonymous_0)","decl":{"start":{"line":14,"column":15},"end":{"line":14,"column":16}},"loc":{"start":{"line":20,"column":6},"end":{"line":66,"column":1}},"line":20},"1":{"name":"(anonymous_1)","decl":{"start":{"line":24,"column":17},"end":{"line":24,"column":18}},"loc":{"start":{"line":24,"column":23},"end":{"line":24,"column":41}},"line":24}},"branchMap":{"0":{"loc":{"start":{"line":36,"column":13},"end":{"line":48,"column":13}},"type":"binary-expr","locations":[{"start":{"line":36,"column":13},"end":{"line":36,"column":22}},{"start":{"line":37,"column":14},"end":{"line":47,"column":17}}],"line":36},"1":{"loc":{"start":{"line":49,"column":13},"end":{"line":58,"column":13}},"type":"binary-expr","locations":[{"start":{"line":49,"column":13},"end":{"line":49,"column":23}},{"start":{"line":50,"column":14},"end":{"line":57,"column":17}}],"line":49}},"s":{"0":1,"1":3,"2":3,"3":0,"4":3},"f":{"0":3,"1":0},"b":{"0":[3,1],"1":[3,2]},"_coverageSchema":"1a1c01bbd47fc00a2c39e90264f33305004495a9","hash":"4da7a1c487c75e57758ae902ee2846eb4de5e0d6"}
,"/Users/learnacademy/Desktop/LEARN/blurred-limes/app/javascript/components/pages/AboutUs.js": {"path":"/Users/learnacademy/Desktop/LEARN/blurred-limes/app/javascript/components/pages/AboutUs.js","statementMap":{"0":{"start":{"line":7,"column":16},"end":{"line":43,"column":1}},"1":{"start":{"line":8,"column":2},"end":{"line":42,"column":3}}},"fnMap":{"0":{"name":"(anonymous_0)","decl":{"start":{"line":7,"column":16},"end":{"line":7,"column":17}},"loc":{"start":{"line":7,"column":22},"end":{"line":43,"column":1}},"line":7}},"branchMap":{},"s":{"0":1,"1":18},"f":{"0":18},"b":{},"_coverageSchema":"1a1c01bbd47fc00a2c39e90264f33305004495a9","hash":"88d9f7721125d7991d574e2feaf90cdc742168cd"}
,"/Users/learnacademy/Desktop/LEARN/blurred-limes/app/javascript/components/pages/FoodItemEdit.js": {"path":"/Users/learnacademy/Desktop/LEARN/blurred-limes/app/javascript/components/pages/FoodItemEdit.js","statementMap":{"0":{"start":{"line":5,"column":21},"end":{"line":97,"column":1}},"1":{"start":{"line":6,"column":42},"end":{"line":6,"column":52}},"2":{"start":{"line":7,"column":19},"end":{"line":7,"column":32}},"3":{"start":{"line":8,"column":17},"end":{"line":8,"column":28}},"4":{"start":{"line":10,"column":2},"end":{"line":25,"column":17}},"5":{"start":{"line":11,"column":4},"end":{"line":24,"column":5}},"6":{"start":{"line":12,"column":28},"end":{"line":14,"column":7}},"7":{"start":{"line":13,"column":22},"end":{"line":13,"column":41}},"8":{"start":{"line":16,"column":6},"end":{"line":23,"column":8}},"9":{"start":{"line":27,"column":23},"end":{"line":29,"column":3}},"10":{"start":{"line":28,"column":4},"end":{"line":28,"column":73}},"11":{"start":{"line":31,"column":23},"end":{"line":34,"column":3}},"12":{"start":{"line":32,"column":4},"end":{"line":32,"column":36}},"13":{"start":{"line":33,"column":4},"end":{"line":33,"column":35}},"14":{"start":{"line":35,"column":2},"end":{"line":96,"column":3}},"15":{"start":{"line":36,"column":4},"end":{"line":95,"column":6}}},"fnMap":{"0":{"name":"(anonymous_0)","decl":{"start":{"line":5,"column":21},"end":{"line":5,"column":22}},"loc":{"start":{"line":5,"column":70},"end":{"line":97,"column":1}},"line":5},"1":{"name":"(anonymous_1)","decl":{"start":{"line":10,"column":12},"end":{"line":10,"column":13}},"loc":{"start":{"line":10,"column":18},"end":{"line":25,"column":3}},"line":10},"2":{"name":"(anonymous_2)","decl":{"start":{"line":13,"column":8},"end":{"line":13,"column":9}},"loc":{"start":{"line":13,"column":22},"end":{"line":13,"column":41}},"line":13},"3":{"name":"(anonymous_3)","decl":{"start":{"line":27,"column":23},"end":{"line":27,"column":24}},"loc":{"start":{"line":27,"column":30},"end":{"line":29,"column":3}},"line":27},"4":{"name":"(anonymous_4)","decl":{"start":{"line":31,"column":23},"end":{"line":31,"column":24}},"loc":{"start":{"line":31,"column":29},"end":{"line":34,"column":3}},"line":31}},"branchMap":{"0":{"loc":{"start":{"line":11,"column":4},"end":{"line":24,"column":5}},"type":"if","locations":[{"start":{"line":11,"column":4},"end":{"line":24,"column":5}},{"start":{},"end":{}}],"line":11},"1":{"loc":{"start":{"line":35,"column":2},"end":{"line":96,"column":3}},"type":"if","locations":[{"start":{"line":35,"column":2},"end":{"line":96,"column":3}},{"start":{},"end":{}}],"line":35}},"s":{"0":1,"1":4,"2":4,"3":4,"4":4,"5":2,"6":2,"7":2,"8":2,"9":4,"10":0,"11":4,"12":0,"13":0,"14":4,"15":2},"f":{"0":4,"1":2,"2":2,"3":0,"4":0},"b":{"0":[2,0],"1":[2,2]},"_coverageSchema":"1a1c01bbd47fc00a2c39e90264f33305004495a9","hash":"708142da0c8cb99e3ec4c87aeb29fcdf7400096b"}
,"/Users/learnacademy/Desktop/LEARN/blurred-limes/app/javascript/components/pages/FoodItemIndex.js": {"path":"/Users/learnacademy/Desktop/LEARN/blurred-limes/app/javascript/components/pages/FoodItemIndex.js","statementMap":{"0":{"start":{"line":5,"column":22},"end":{"line":38,"column":1}},"1":{"start":{"line":6,"column":2},"end":{"line":37,"column":3}},"2":{"start":{"line":11,"column":8},"end":{"line":33,"column":7}}},"fnMap":{"0":{"name":"(anonymous_0)","decl":{"start":{"line":5,"column":22},"end":{"line":5,"column":23}},"loc":{"start":{"line":5,"column":39},"end":{"line":38,"column":1}},"line":5},"1":{"name":"(anonymous_1)","decl":{"start":{"line":10,"column":22},"end":{"line":10,"column":23}},"loc":{"start":{"line":10,"column":43},"end":{"line":34,"column":7}},"line":10}},"branchMap":{},"s":{"0":1,"1":2,"2":0},"f":{"0":2,"1":0},"b":{},"_coverageSchema":"1a1c01bbd47fc00a2c39e90264f33305004495a9","hash":"3abddc55106346dbbea9295b1f5ffc4017cb0b68"}
,"/Users/learnacademy/Desktop/LEARN/blurred-limes/app/javascript/components/pages/FoodItemNew.js": {"path":"/Users/learnacademy/Desktop/LEARN/blurred-limes/app/javascript/components/pages/FoodItemNew.js","statementMap":{"0":{"start":{"line":5,"column":20},"end":{"line":81,"column":1}},"1":{"start":{"line":6,"column":19},"end":{"line":6,"column":32}},"2":{"start":{"line":8,"column":38},"end":{"line":15,"column":4}},"3":{"start":{"line":17,"column":23},"end":{"line":19,"column":3}},"4":{"start":{"line":18,"column":4},"end":{"line":18,"column":70}},"5":{"start":{"line":21,"column":23},"end":{"line":24,"column":3}},"6":{"start":{"line":22,"column":4},"end":{"line":22,"column":31}},"7":{"start":{"line":23,"column":4},"end":{"line":23,"column":32}},"8":{"start":{"line":26,"column":2},"end":{"line":80,"column":3}}},"fnMap":{"0":{"name":"(anonymous_0)","decl":{"start":{"line":5,"column":20},"end":{"line":5,"column":21}},"loc":{"start":{"line":5,"column":56},"end":{"line":81,"column":1}},"line":5},"1":{"name":"(anonymous_1)","decl":{"start":{"line":17,"column":23},"end":{"line":17,"column":24}},"loc":{"start":{"line":17,"column":30},"end":{"line":19,"column":3}},"line":17},"2":{"name":"(anonymous_2)","decl":{"start":{"line":21,"column":23},"end":{"line":21,"column":24}},"loc":{"start":{"line":21,"column":29},"end":{"line":24,"column":3}},"line":21}},"branchMap":{},"s":{"0":1,"1":6,"2":6,"3":6,"4":0,"5":6,"6":0,"7":0,"8":6},"f":{"0":6,"1":0,"2":0},"b":{},"_coverageSchema":"1a1c01bbd47fc00a2c39e90264f33305004495a9","hash":"b1909e66eeaa0d6dd1cd0027e410f0bc763212c6"}
,"/Users/learnacademy/Desktop/LEARN/blurred-limes/app/javascript/components/pages/FoodItemShow.js": {"path":"/Users/learnacademy/Desktop/LEARN/blurred-limes/app/javascript/components/pages/FoodItemShow.js","statementMap":{"0":{"start":{"line":5,"column":21},"end":{"line":58,"column":1}},"1":{"start":{"line":6,"column":15},"end":{"line":6,"column":26}},"2":{"start":{"line":7,"column":19},"end":{"line":7,"column":32}},"3":{"start":{"line":8,"column":25},"end":{"line":8,"column":73}},"4":{"start":{"line":8,"column":53},"end":{"line":8,"column":72}},"5":{"start":{"line":9,"column":23},"end":{"line":12,"column":3}},"6":{"start":{"line":10,"column":4},"end":{"line":10,"column":40}},"7":{"start":{"line":11,"column":4},"end":{"line":11,"column":31}},"8":{"start":{"line":13,"column":4},"end":{"line":57,"column":3}}},"fnMap":{"0":{"name":"(anonymous_0)","decl":{"start":{"line":5,"column":21},"end":{"line":5,"column":22}},"loc":{"start":{"line":5,"column":65},"end":{"line":58,"column":1}},"line":5},"1":{"name":"(anonymous_1)","decl":{"start":{"line":8,"column":41},"end":{"line":8,"column":42}},"loc":{"start":{"line":8,"column":53},"end":{"line":8,"column":72}},"line":8},"2":{"name":"(anonymous_2)","decl":{"start":{"line":9,"column":23},"end":{"line":9,"column":24}},"loc":{"start":{"line":9,"column":29},"end":{"line":12,"column":3}},"line":9}},"branchMap":{"0":{"loc":{"start":{"line":15,"column":7},"end":{"line":40,"column":7}},"type":"binary-expr","locations":[{"start":{"line":15,"column":7},"end":{"line":15,"column":23}},{"start":{"line":16,"column":8},"end":{"line":39,"column":15}}],"line":15},"1":{"loc":{"start":{"line":41,"column":7},"end":{"line":50,"column":7}},"type":"binary-expr","locations":[{"start":{"line":41,"column":7},"end":{"line":41,"column":16}},{"start":{"line":42,"column":8},"end":{"line":49,"column":11}}],"line":41}},"s":{"0":1,"1":2,"2":2,"3":2,"4":0,"5":2,"6":0,"7":0,"8":2},"f":{"0":2,"1":0,"2":0},"b":{"0":[2,0],"1":[2,0]},"_coverageSchema":"1a1c01bbd47fc00a2c39e90264f33305004495a9","hash":"c6c3d5a10097f896a0df554e8610e14814481e97"}
,"/Users/learnacademy/Desktop/LEARN/blurred-limes/app/javascript/components/pages/Home.js": {"path":"/Users/learnacademy/Desktop/LEARN/blurred-limes/app/javascript/components/pages/Home.js","statementMap":{"0":{"start":{"line":3,"column":13},"end":{"line":25,"column":1}},"1":{"start":{"line":4,"column":2},"end":{"line":24,"column":3}}},"fnMap":{"0":{"name":"(anonymous_0)","decl":{"start":{"line":3,"column":13},"end":{"line":3,"column":14}},"loc":{"start":{"line":3,"column":46},"end":{"line":25,"column":1}},"line":3}},"branchMap":{"0":{"loc":{"start":{"line":6,"column":7},"end":{"line":19,"column":13}},"type":"cond-expr","locations":[{"start":{"line":7,"column":8},"end":{"line":10,"column":11}},{"start":{"line":11,"column":10},"end":{"line":19,"column":13}}],"line":6}},"s":{"0":1,"1":3},"f":{"0":3},"b":{"0":[0,3]},"_coverageSchema":"1a1c01bbd47fc00a2c39e90264f33305004495a9","hash":"2fd88aa35f431397eb42bd15fc4f4a7d054a4661"}
,"/Users/learnacademy/Desktop/LEARN/blurred-limes/app/javascript/components/pages/NotFound.js": {"path":"/Users/learnacademy/Desktop/LEARN/blurred-limes/app/javascript/components/pages/NotFound.js","statementMap":{"0":{"start":{"line":3,"column":17},"end":{"line":10,"column":1}},"1":{"start":{"line":4,"column":2},"end":{"line":9,"column":3}}},"fnMap":{"0":{"name":"(anonymous_0)","decl":{"start":{"line":3,"column":17},"end":{"line":3,"column":18}},"loc":{"start":{"line":3,"column":23},"end":{"line":10,"column":1}},"line":3}},"branchMap":{},"s":{"0":1,"1":3},"f":{"0":3},"b":{},"_coverageSchema":"1a1c01bbd47fc00a2c39e90264f33305004495a9","hash":"6bb1f04c66e2b164c616180ce9b384d66fe5ca18"}
,"/Users/learnacademy/Desktop/LEARN/blurred-limes/app/javascript/components/pages/ProtectedIndex.js": {"path":"/Users/learnacademy/Desktop/LEARN/blurred-limes/app/javascript/components/pages/ProtectedIndex.js","statementMap":{"0":{"start":{"line":5,"column":23},"end":{"line":41,"column":1}},"1":{"start":{"line":6,"column":22},"end":{"line":6,"column":89}},"2":{"start":{"line":6,"column":52},"end":{"line":6,"column":88}},"3":{"start":{"line":8,"column":2},"end":{"line":40,"column":3}},"4":{"start":{"line":13,"column":8},"end":{"line":36,"column":7}}},"fnMap":{"0":{"name":"(anonymous_0)","decl":{"start":{"line":5,"column":23},"end":{"line":5,"column":24}},"loc":{"start":{"line":5,"column":54},"end":{"line":41,"column":1}},"line":5},"1":{"name":"(anonymous_1)","decl":{"start":{"line":6,"column":40},"end":{"line":6,"column":41}},"loc":{"start":{"line":6,"column":52},"end":{"line":6,"column":88}},"line":6},"2":{"name":"(anonymous_2)","decl":{"start":{"line":12,"column":24},"end":{"line":12,"column":25}},"loc":{"start":{"line":12,"column":45},"end":{"line":37,"column":7}},"line":12}},"branchMap":{},"s":{"0":1,"1":4,"2":4,"3":4,"4":4},"f":{"0":4,"1":4,"2":4},"b":{},"_coverageSchema":"1a1c01bbd47fc00a2c39e90264f33305004495a9","hash":"24210b8463f66bd382fbf3f9b5be232d591ffbfe"}
,"/Users/learnacademy/Desktop/LEARN/blurred-limes/mocks/fileMock.js": {"path":"/Users/learnacademy/Desktop/LEARN/blurred-limes/mocks/fileMock.js","statementMap":{},"fnMap":{},"branchMap":{},"s":{},"f":{},"b":{},"_coverageSchema":"1a1c01bbd47fc00a2c39e90264f33305004495a9","hash":"9f8088ecc4fac4055fa55998e0d4d733c22c5d51"}
}
