TN:
SF:app/javascript/components/mockFood.js
FNF:0
FNH:0
DA:1,2
LF:1
LH:1
BRF:0
BRH:0
end_of_record
TN:
SF:app/javascript/components/components/Footer.js
FN:3,(anonymous_0)
FNF:1
FNH:1
FNDA:3,(anonymous_0)
DA:3,1
DA:4,3
LF:2
LH:2
BRF:0
BRH:0
end_of_record
TN:
SF:app/javascript/components/components/Header.js
FN:14,(anonymous_0)
FN:24,(anonymous_1)
FNF:2
FNH:1
FNDA:3,(anonymous_0)
FNDA:0,(anonymous_1)
DA:14,1
DA:22,3
DA:24,3
DA:26,3
LF:4
LH:4
BRDA:36,0,0,3
BRDA:36,0,1,1
BRDA:49,1,0,3
BRDA:49,1,1,2
BRF:4
BRH:4
end_of_record
TN:
SF:app/javascript/components/pages/AboutUs.js
FN:7,(anonymous_0)
FNF:1
FNH:1
FNDA:18,(anonymous_0)
DA:7,1
DA:8,18
LF:2
LH:2
BRF:0
BRH:0
end_of_record
TN:
SF:app/javascript/components/pages/FoodItemEdit.js
FN:5,(anonymous_0)
FN:10,(anonymous_1)
FN:13,(anonymous_2)
FN:27,(anonymous_3)
FN:31,(anonymous_4)
FNF:5
FNH:3
FNDA:4,(anonymous_0)
FNDA:2,(anonymous_1)
FNDA:2,(anonymous_2)
FNDA:0,(anonymous_3)
FNDA:0,(anonymous_4)
DA:5,1
DA:6,4
DA:7,4
DA:8,4
DA:10,4
DA:11,2
DA:12,2
DA:13,2
DA:16,2
DA:27,4
DA:28,0
DA:31,4
DA:32,0
DA:33,0
DA:35,4
DA:36,2
LF:16
LH:13
BRDA:11,0,0,2
BRDA:11,0,1,0
BRDA:35,1,0,2
BRDA:35,1,1,2
BRF:4
BRH:3
end_of_record
TN:
SF:app/javascript/components/pages/FoodItemIndex.js
FN:5,(anonymous_0)
FN:10,(anonymous_1)
FNF:2
FNH:1
FNDA:2,(anonymous_0)
FNDA:0,(anonymous_1)
DA:5,1
DA:6,2
DA:11,0
LF:3
LH:2
BRF:0
BRH:0
end_of_record
TN:
SF:app/javascript/components/pages/FoodItemNew.js
FN:5,(anonymous_0)
FN:17,(anonymous_1)
FN:21,(anonymous_2)
FNF:3
FNH:1
FNDA:6,(anonymous_0)
FNDA:0,(anonymous_1)
FNDA:0,(anonymous_2)
DA:5,1
DA:6,6
DA:8,6
DA:17,6
DA:18,0
DA:21,6
DA:22,0
DA:23,0
DA:26,6
LF:9
LH:6
BRF:0
BRH:0
end_of_record
TN:
SF:app/javascript/components/pages/FoodItemShow.js
FN:5,(anonymous_0)
FN:8,(anonymous_1)
FN:9,(anonymous_2)
FNF:3
FNH:1
FNDA:2,(anonymous_0)
FNDA:0,(anonymous_1)
FNDA:0,(anonymous_2)
DA:5,1
DA:6,2
DA:7,2
DA:8,2
DA:9,2
DA:10,0
DA:11,0
DA:13,2
LF:8
LH:6
BRDA:15,0,0,2
BRDA:15,0,1,0
BRDA:41,1,0,2
BRDA:41,1,1,0
BRF:4
BRH:2
end_of_record
TN:
SF:app/javascript/components/pages/Home.js
FN:3,(anonymous_0)
FNF:1
FNH:1
FNDA:3,(anonymous_0)
DA:3,1
DA:4,3
LF:2
LH:2
BRDA:6,0,0,0
BRDA:6,0,1,3
BRF:2
BRH:1
end_of_record
TN:
SF:app/javascript/components/pages/NotFound.js
FN:3,(anonymous_0)
FNF:1
FNH:1
FNDA:3,(anonymous_0)
DA:3,1
DA:4,3
LF:2
LH:2
BRF:0
BRH:0
end_of_record
TN:
SF:app/javascript/components/pages/ProtectedIndex.js
FN:5,(anonymous_0)
FN:6,(anonymous_1)
FN:12,(anonymous_2)
FNF:3
FNH:3
FNDA:4,(anonymous_0)
FNDA:4,(anonymous_1)
FNDA:4,(anonymous_2)
DA:5,1
DA:6,4
DA:8,4
DA:13,4
LF:4
LH:4
BRF:0
BRH:0
end_of_record
TN:
SF:mocks/fileMock.js
FNF:0
FNH:0
LF:0
LH:0
BRF:0
BRH:0
end_of_record
